2021-06-09 18:51:46,221:INFO:Initializing load_model()
2021-06-09 18:51:46,222:INFO:load_model(model_name=insurance-linear, platform=None, authentication=None, verbose=True)
2021-06-09 18:54:30,407:INFO:Initializing load_model()
2021-06-09 18:54:30,415:INFO:load_model(model_name=insurance-linear, platform=None, authentication=None, verbose=True)
2021-06-09 18:54:48,278:INFO:Initializing load_model()
2021-06-09 18:54:48,279:INFO:load_model(model_name=insurance-linear, platform=None, authentication=None, verbose=True)
2021-06-09 18:54:48,343:INFO:Initializing predict_model()
2021-06-09 18:54:48,347:INFO:predict_model(estimator=Pipeline(steps=[('dtypes',
                 DataTypes_Auto_infer(ml_usecase='regression',
                                      target='charges')),
                ('imputer',
                 Simple_Imputer(categorical_strategy='not_available',
                                fill_value_categorical=None,
                                fill_value_numerical=None,
                                numeric_strategy='mean',
                                target_variable=None)),
                ('new_levels1',
                 New_Catagorical_Levels_in_TestData(replacement_strategy='least '
                                                                         'frequent',
                                                    target=...
                ('binn', 'passthrough'), ('rem_outliers', 'passthrough'),
                ('cluster_all', 'passthrough'),
                ('dummy', Dummify(target='charges')),
                ('fix_perfect', Remove_100(target='charges')),
                ('clean_names', Clean_Colum_Names()),
                ('feature_select', 'passthrough'), ('fix_multi', 'passthrough'),
                ('dfs', 'passthrough'), ('pca', 'passthrough'),
                ['trained_model', LinearRegression(n_jobs=-1)]]), probability_threshold=None, encoded_labels=True, raw_score=False, round=4, verbose=True, ml_usecase=MLUsecase.REGRESSION, display=None)
2021-06-09 18:54:48,349:INFO:Checking exceptions
2021-06-09 18:54:48,352:INFO:Preloading libraries
2021-06-09 18:54:53,654:INFO:Initializing load_model()
2021-06-09 18:54:53,656:INFO:load_model(model_name=insurance-linear, platform=None, authentication=None, verbose=True)
2021-06-09 18:54:58,641:INFO:Initializing load_model()
2021-06-09 18:54:58,646:INFO:load_model(model_name=insurance-linear, platform=None, authentication=None, verbose=True)
2021-06-09 18:55:00,714:INFO:Initializing load_model()
2021-06-09 18:55:00,714:INFO:load_model(model_name=insurance-linear, platform=None, authentication=None, verbose=True)
2021-06-09 18:55:01,831:INFO:Initializing load_model()
2021-06-09 18:55:01,831:INFO:load_model(model_name=insurance-linear, platform=None, authentication=None, verbose=True)
2021-06-09 18:55:01,881:INFO:Initializing predict_model()
2021-06-09 18:55:01,884:INFO:predict_model(estimator=Pipeline(steps=[('dtypes',
                 DataTypes_Auto_infer(ml_usecase='regression',
                                      target='charges')),
                ('imputer',
                 Simple_Imputer(categorical_strategy='not_available',
                                fill_value_categorical=None,
                                fill_value_numerical=None,
                                numeric_strategy='mean',
                                target_variable=None)),
                ('new_levels1',
                 New_Catagorical_Levels_in_TestData(replacement_strategy='least '
                                                                         'frequent',
                                                    target=...
                ('binn', 'passthrough'), ('rem_outliers', 'passthrough'),
                ('cluster_all', 'passthrough'),
                ('dummy', Dummify(target='charges')),
                ('fix_perfect', Remove_100(target='charges')),
                ('clean_names', Clean_Colum_Names()),
                ('feature_select', 'passthrough'), ('fix_multi', 'passthrough'),
                ('dfs', 'passthrough'), ('pca', 'passthrough'),
                ['trained_model', LinearRegression(n_jobs=-1)]]), probability_threshold=None, encoded_labels=True, raw_score=False, round=4, verbose=True, ml_usecase=MLUsecase.REGRESSION, display=None)
2021-06-09 18:55:01,887:INFO:Checking exceptions
2021-06-09 18:55:01,888:INFO:Preloading libraries
2021-06-09 18:55:15,098:INFO:Initializing load_model()
2021-06-09 18:55:15,099:INFO:load_model(model_name=insurance-linear, platform=None, authentication=None, verbose=True)
